1. 信息: >> 操作时间: 2017-12-05 15:00:04   操作人:  
2. 地址: http://localhost:17693/txlc/api/client/enter/enterCompList    
3. 类名: Txlc.MWS.AppClientServices.Controller.EnterController 
4. Ip  :    主机: localhost:17693   浏览器:     
5. 内容: 请求接口
-----------------------------------------------------------------------------------------------------------------------------
1. 信息: >> 操作时间: 2017-12-05 15:01:37   操作人:  
2. 地址: http://localhost:17693/txlc/api/client/enter/enterCompList    
3. 类名: Txlc.MWS.AppClientServices.Controller.EnterController 
4. Ip  :    主机: localhost:17693   浏览器:     
5. 内容: 请求接口
-----------------------------------------------------------------------------------------------------------------------------
1. 信息: >> 操作时间: 2017-12-05 18:03:27   操作人:  
2. 地址: http://localhost:17693/txlc/api/client/enter/modifyCheck    
3. 类名: Txlc.MWS.AppClientServices.Controller.EnterController 
4. Ip  :    主机: localhost:17693   浏览器:     
5. 内容: 请求接口
-----------------------------------------------------------------------------------------------------------------------------
1. 信息: >> 操作时间: 2017-12-05 18:04:10   操作人:  
2. 地址: http://localhost:17693/txlc/api/client/enter/modifyCheck    
3. 类名: Txlc.MWS.AppClientServices.Controller.EnterController 
4. Ip  :    主机: localhost:17693   浏览器:     
5. 内容: 请求接口
-----------------------------------------------------------------------------------------------------------------------------
1. 信息: >> 操作时间: 2017-12-05 18:17:12   操作人:  
2. 地址: http://localhost:17693/txlc/api/client/enter/modifyCheck    
3. 类名: Txlc.MWS.AppClientServices.Controller.EnterController 
4. Ip  :    主机: localhost:17693   浏览器:     
5. 内容: 请求接口
-----------------------------------------------------------------------------------------------------------------------------
