1. 信息: >> 操作时间: 2017-11-29 16:08:41   操作人:  
2. 地址: http://localhost:17693/txlc/api/client/certificate/cerList    
3. 类名: Txlc.MWS.AppClientServices.Controller.CerCardController 
4. Ip  :    主机: localhost:17693   浏览器:     
5. 内容: 请求接口
-----------------------------------------------------------------------------------------------------------------------------
1. 信息: >> 操作时间: 2017-11-29 16:10:19   操作人:  
2. 地址: http://localhost:17693/txlc/api/client/order/TodayOrderList    
3. 类名: Txlc.MWS.AppClientServices.Controller.OrderController 
4. Ip  :    主机: localhost:17693   浏览器:     
5. 内容: 请求接口
-----------------------------------------------------------------------------------------------------------------------------
1. 信息: >> 操作时间: 2017-11-29 16:10:39   操作人:  
2. 地址: http://localhost:17693/txlc/api/client/order/TodayOrderList    
3. 类名: Txlc.MWS.AppClientServices.Controller.OrderController 
4. Ip  :    主机: localhost:17693   浏览器:     
5. 内容: 请求接口
-----------------------------------------------------------------------------------------------------------------------------
1. 信息: >> 操作时间: 2017-11-29 16:19:04   操作人:  
2. 地址: http://localhost:17693/txlc/api/client/order/TodayOrderList    
3. 类名: Txlc.MWS.AppClientServices.Controller.OrderController 
4. Ip  :    主机: localhost:17693   浏览器:     
5. 内容: 请求接口
-----------------------------------------------------------------------------------------------------------------------------
1. 信息: >> 操作时间: 2017-11-29 16:22:26   操作人:  
2. 地址: http://localhost:17693/txlc/api/client/order/TodayOrderList    
3. 类名: Txlc.MWS.AppClientServices.Controller.OrderController 
4. Ip  :    主机: localhost:17693   浏览器:     
5. 内容: 请求接口
-----------------------------------------------------------------------------------------------------------------------------
1. 信息: >> 操作时间: 2017-11-29 16:24:03   操作人:  
2. 地址: http://localhost:17693/txlc/api/client/order/todaySweepOrderList    
3. 类名: Txlc.MWS.AppClientServices.Controller.OrderController 
4. Ip  :    主机: localhost:17693   浏览器:     
5. 内容: 请求接口
-----------------------------------------------------------------------------------------------------------------------------
1. 信息: >> 操作时间: 2017-11-29 16:24:40   操作人:  
2. 地址: http://localhost:17693/txlc/api/client/order/todaySweepOrderList    
3. 类名: Txlc.MWS.AppClientServices.Controller.OrderController 
4. Ip  :    主机: localhost:17693   浏览器:     
5. 内容: 请求接口
-----------------------------------------------------------------------------------------------------------------------------
1. 信息: >> 操作时间: 2017-11-29 16:24:53   操作人:  
2. 地址: http://localhost:17693/txlc/api/client/order/todaySweepOrderList    
3. 类名: Txlc.MWS.AppClientServices.Controller.OrderController 
4. Ip  :    主机: localhost:17693   浏览器:     
5. 内容: 请求接口
-----------------------------------------------------------------------------------------------------------------------------
1. 信息: >> 操作时间: 2017-11-29 16:25:31   操作人:  
2. 地址: http://localhost:17693/txlc/api/client/order/todaySweepOrderList    
3. 类名: Txlc.MWS.AppClientServices.Controller.OrderController 
4. Ip  :    主机: localhost:17693   浏览器:     
5. 内容: 请求接口
-----------------------------------------------------------------------------------------------------------------------------
1. 信息: >> 操作时间: 2017-11-29 16:27:31   操作人:  
2. 地址: http://localhost:17693/txlc/api/client/order/todaySweepOrderList    
3. 类名: Txlc.MWS.AppClientServices.Controller.OrderController 
4. Ip  :    主机: localhost:17693   浏览器:     
5. 内容: 请求接口
-----------------------------------------------------------------------------------------------------------------------------
1. 信息: >> 操作时间: 2017-11-29 16:30:42   操作人:  
2. 地址: http://localhost:17693/txlc/api/client/order/todaySweepOrderList    
3. 类名: Txlc.MWS.AppClientServices.Controller.OrderController 
4. Ip  :    主机: localhost:17693   浏览器:     
5. 内容: 请求接口
-----------------------------------------------------------------------------------------------------------------------------
1. 信息: >> 操作时间: 2017-11-29 16:32:00   操作人:  
2. 地址: http://localhost:17693/txlc/api/client/order/todaySweepOrderList    
3. 类名: Txlc.MWS.AppClientServices.Controller.OrderController 
4. Ip  :    主机: localhost:17693   浏览器:     
5. 内容: 请求接口
-----------------------------------------------------------------------------------------------------------------------------
1. 信息: >> 操作时间: 2017-11-29 16:33:37   操作人:  
2. 地址: http://localhost:17693/txlc/api/client/order/todaySweepOrderList    
3. 类名: Txlc.MWS.AppClientServices.Controller.OrderController 
4. Ip  :    主机: localhost:17693   浏览器:     
5. 内容: 请求接口
-----------------------------------------------------------------------------------------------------------------------------
