1. 信息: >> 操作时间: 2017-11-22 10:47:45   操作人:  
2. 地址: http://localhost:17693/txlc/api/client/login/normalLogin    
3. 类名: Txlc.MWS.AppClientServices.Controller.LoginController 
4. Ip  :    主机: localhost:17693   浏览器:     
5. 内容: 请求接口
-----------------------------------------------------------------------------------------------------------------------------
1. 信息: >> 操作时间: 2017-11-22 10:48:11   操作人:  
2. 地址: http://localhost:17693/txlc/api/client/login/normalLogin    
3. 类名: Txlc.MWS.AppClientServices.Controller.LoginController 
4. Ip  :    主机: localhost:17693   浏览器:     
5. 内容: 请求接口
-----------------------------------------------------------------------------------------------------------------------------
1. 信息: >> 操作时间: 2017-11-22 10:50:44   操作人:  
2. 地址: http://localhost:17693/txlc/api/client/login/normalLogin    
3. 类名: Txlc.MWS.AppClientServices.Controller.LoginController 
4. Ip  :    主机: localhost:17693   浏览器:     
5. 内容: 请求接口
-----------------------------------------------------------------------------------------------------------------------------
1. 信息: >> 操作时间: 2017-11-22 10:58:14   操作人:  
2. 地址: http://localhost:17693/txlc/api/client/common/verificationCode    
3. 类名: Txlc.MWS.AppClientServices.Controller.CommonController 
4. Ip  :    主机: localhost:17693   浏览器:     
5. 内容: 请求接口
-----------------------------------------------------------------------------------------------------------------------------
1. 信息: >> 操作时间: 2017-11-22 10:59:37   操作人:  
2. 地址: http://localhost:17693/txlc/api/client/common/verificationCode    
3. 类名: Txlc.MWS.AppClientServices.Controller.CommonController 
4. Ip  :    主机: localhost:17693   浏览器:     
5. 内容: 请求接口
-----------------------------------------------------------------------------------------------------------------------------
1. 信息: >> 操作时间: 2017-11-22 11:05:35   操作人:  
2. 地址: http://localhost:17693/txlc/api/client/common/verificationCode    
3. 类名: Txlc.MWS.AppClientServices.Controller.CommonController 
4. Ip  :    主机: localhost:17693   浏览器:     
5. 内容: 请求接口
-----------------------------------------------------------------------------------------------------------------------------
1. 信息: >> 操作时间: 2017-11-22 11:09:21   操作人:  
2. 地址: http://localhost:17693/txlc/api/client/common/verificationCode    
3. 类名: Txlc.MWS.AppClientServices.Controller.CommonController 
4. Ip  :    主机: localhost:17693   浏览器:     
5. 内容: 请求接口
-----------------------------------------------------------------------------------------------------------------------------
1. 信息: >> 操作时间: 2017-11-22 11:14:10   操作人:  
2. 地址: http://localhost:17693/txlc/api/client/login/MessageLogin    
3. 类名: Txlc.MWS.AppClientServices.Controller.LoginController 
4. Ip  :    主机: localhost:17693   浏览器:     
5. 内容: 请求接口
-----------------------------------------------------------------------------------------------------------------------------
1. 信息: >> 操作时间: 2017-11-22 11:16:28   操作人:  
2. 地址: http://localhost:17693/txlc/api/client/login/MessageLogin    
3. 类名: Txlc.MWS.AppClientServices.Controller.LoginController 
4. Ip  :    主机: localhost:17693   浏览器:     
5. 内容: 请求接口
-----------------------------------------------------------------------------------------------------------------------------
1. 信息: >> 操作时间: 2017-11-22 11:18:41   操作人:  
2. 地址: http://localhost:17693/txlc/api/client/login/MessageLogin    
3. 类名: Txlc.MWS.AppClientServices.Controller.LoginController 
4. Ip  :    主机: localhost:17693   浏览器:     
5. 内容: 请求接口
-----------------------------------------------------------------------------------------------------------------------------
1. 信息: >> 操作时间: 2017-11-22 11:22:02   操作人:  
2. 地址: http://localhost:17693/txlc/api/client/login/modifyPassword    
3. 类名: Txlc.MWS.AppClientServices.Controller.LoginController 
4. Ip  :    主机: localhost:17693   浏览器:     
5. 内容: 请求接口
-----------------------------------------------------------------------------------------------------------------------------
1. 信息: >> 操作时间: 2017-11-22 11:22:48   操作人:  
2. 地址: http://localhost:17693/txlc/api/client/common/verificationCode    
3. 类名: Txlc.MWS.AppClientServices.Controller.CommonController 
4. Ip  :    主机: localhost:17693   浏览器:     
5. 内容: 请求接口
-----------------------------------------------------------------------------------------------------------------------------
1. 信息: >> 操作时间: 2017-11-22 11:23:25   操作人:  
2. 地址: http://localhost:17693/txlc/api/client/login/modifyPassword    
3. 类名: Txlc.MWS.AppClientServices.Controller.LoginController 
4. Ip  :    主机: localhost:17693   浏览器:     
5. 内容: 请求接口
-----------------------------------------------------------------------------------------------------------------------------
1. 信息: >> 操作时间: 2017-11-22 11:23:52   操作人:  
2. 地址: http://localhost:17693/txlc/api/client/login/modifyPassword    
3. 类名: Txlc.MWS.AppClientServices.Controller.LoginController 
4. Ip  :    主机: localhost:17693   浏览器:     
5. 内容: 请求接口
-----------------------------------------------------------------------------------------------------------------------------
1. 信息: >> 操作时间: 2017-11-22 11:28:17   操作人:  
2. 地址: http://localhost:17693/txlc/api/client/login/outLogin    
3. 类名: Txlc.MWS.AppClientServices.Controller.LoginController 
4. Ip  :    主机: localhost:17693   浏览器:     
5. 内容: 请求接口
-----------------------------------------------------------------------------------------------------------------------------
1. 信息: >> 操作时间: 2017-11-22 15:33:20   操作人:  
2. 地址: http://localhost:17693/txlc/api/client/message/banner    
3. 类名: Txlc.MWS.AppClientServices.Controller.MessageController 
4. Ip  :    主机: localhost:17693   浏览器:     
5. 内容: 请求接口
-----------------------------------------------------------------------------------------------------------------------------
1. 信息: >> 操作时间: 2017-11-22 15:40:39   操作人:  
2. 地址: http://localhost:17693/txlc/api/client/message/NoticeList    
3. 类名: Txlc.MWS.AppClientServices.Controller.MessageController 
4. Ip  :    主机: localhost:17693   浏览器:     
5. 内容: 请求接口
-----------------------------------------------------------------------------------------------------------------------------
1. 信息: >> 操作时间: 2017-11-22 15:41:49   操作人:  
2. 地址: http://localhost:17693/txlc/api/client/message/noticeDetail    
3. 类名: Txlc.MWS.AppClientServices.Controller.MessageController 
4. Ip  :    主机: localhost:17693   浏览器:     
5. 内容: 请求接口
-----------------------------------------------------------------------------------------------------------------------------
1. 信息: >> 操作时间: 2017-11-22 15:41:59   操作人:  
2. 地址: http://localhost:17693/txlc/api/client/message/noticeDetail    
3. 类名: Txlc.MWS.AppClientServices.Controller.MessageController 
4. Ip  :    主机: localhost:17693   浏览器:     
5. 内容: 请求接口
-----------------------------------------------------------------------------------------------------------------------------
1. 信息: >> 操作时间: 2017-11-22 15:42:29   操作人:  
2. 地址: http://localhost:17693/txlc/api/client/message/noticeDetail    
3. 类名: Txlc.MWS.AppClientServices.Controller.MessageController 
4. Ip  :    主机: localhost:17693   浏览器:     
5. 内容: 请求接口
-----------------------------------------------------------------------------------------------------------------------------
1. 信息: >> 操作时间: 2017-11-22 15:42:30   操作人:  
2. 地址: http://localhost:17693/txlc/api/client/message/noticeDetail    
3. 类名: Txlc.MWS.AppClientServices.Controller.MessageController 
4. Ip  :    主机: localhost:17693   浏览器:     
5. 内容: 请求接口
-----------------------------------------------------------------------------------------------------------------------------
1. 信息: >> 操作时间: 2017-11-22 15:42:30   操作人:  
2. 地址: http://localhost:17693/txlc/api/client/message/noticeDetail    
3. 类名: Txlc.MWS.AppClientServices.Controller.MessageController 
4. Ip  :    主机: localhost:17693   浏览器:     
5. 内容: 请求接口
-----------------------------------------------------------------------------------------------------------------------------
1. 信息: >> 操作时间: 2017-11-22 15:42:31   操作人:  
2. 地址: http://localhost:17693/txlc/api/client/message/noticeDetail    
3. 类名: Txlc.MWS.AppClientServices.Controller.MessageController 
4. Ip  :    主机: localhost:17693   浏览器:     
5. 内容: 请求接口
-----------------------------------------------------------------------------------------------------------------------------
1. 信息: >> 操作时间: 2017-11-22 15:42:32   操作人:  
2. 地址: http://localhost:17693/txlc/api/client/message/noticeDetail    
3. 类名: Txlc.MWS.AppClientServices.Controller.MessageController 
4. Ip  :    主机: localhost:17693   浏览器:     
5. 内容: 请求接口
-----------------------------------------------------------------------------------------------------------------------------
1. 信息: >> 操作时间: 2017-11-22 15:42:32   操作人:  
2. 地址: http://localhost:17693/txlc/api/client/message/noticeDetail    
3. 类名: Txlc.MWS.AppClientServices.Controller.MessageController 
4. Ip  :    主机: localhost:17693   浏览器:     
5. 内容: 请求接口
-----------------------------------------------------------------------------------------------------------------------------
1. 信息: >> 操作时间: 2017-11-22 16:39:27   操作人:  
2. 地址: http://localhost:17693/txlc/api/client/sweep/sweepTrace    
3. 类名: Txlc.MWS.AppClientServices.Controller.SweepController 
4. Ip  :    主机: localhost:17693   浏览器:     
5. 内容: 请求接口
-----------------------------------------------------------------------------------------------------------------------------
1. 信息: >> 操作时间: 2017-11-22 16:40:24   操作人:  
2. 地址: http://localhost:17693/txlc/api/client/sweep/sweepTrace    
3. 类名: Txlc.MWS.AppClientServices.Controller.SweepController 
4. Ip  :    主机: localhost:17693   浏览器:     
5. 内容: 请求接口
-----------------------------------------------------------------------------------------------------------------------------
1. 信息: >> 操作时间: 2017-11-22 16:41:12   操作人:  
2. 地址: http://localhost:17693/txlc/api/client/sweep/sweepTrace    
3. 类名: Txlc.MWS.AppClientServices.Controller.SweepController 
4. Ip  :    主机: localhost:17693   浏览器:     
5. 内容: 请求接口
-----------------------------------------------------------------------------------------------------------------------------
1. 信息: >> 操作时间: 2017-11-22 16:46:41   操作人:  
2. 地址: http://localhost:17693/txlc/api/client/sweep/sweepTrace    
3. 类名: Txlc.MWS.AppClientServices.Controller.SweepController 
4. Ip  :    主机: localhost:17693   浏览器:     
5. 内容: 请求接口
-----------------------------------------------------------------------------------------------------------------------------
1. 信息: >> 操作时间: 2017-11-22 16:57:10   操作人:  
2. 地址: http://localhost:17693/txlc/api/client/sweep/sweepTrace    
3. 类名: Txlc.MWS.AppClientServices.Controller.SweepController 
4. Ip  :    主机: localhost:17693   浏览器:     
5. 内容: 请求接口
-----------------------------------------------------------------------------------------------------------------------------
1. 信息: >> 操作时间: 2017-11-22 16:58:18   操作人:  
2. 地址: http://localhost:17693/txlc/api/client/sweep/sweepTrace    
3. 类名: Txlc.MWS.AppClientServices.Controller.SweepController 
4. Ip  :    主机: localhost:17693   浏览器:     
5. 内容: 请求接口
-----------------------------------------------------------------------------------------------------------------------------
1. 信息: >> 操作时间: 2017-11-22 17:03:01   操作人:  
2. 地址: http://localhost:17693/txlc/api/client/sweep/sweepTrace    
3. 类名: Txlc.MWS.AppClientServices.Controller.SweepController 
4. Ip  :    主机: localhost:17693   浏览器:     
5. 内容: 请求接口
-----------------------------------------------------------------------------------------------------------------------------
1. 信息: >> 操作时间: 2017-11-22 17:03:22   操作人:  
2. 地址: http://localhost:17693/txlc/api/client/sweep/sweepTrace    
3. 类名: Txlc.MWS.AppClientServices.Controller.SweepController 
4. Ip  :    主机: localhost:17693   浏览器:     
5. 内容: 请求接口
-----------------------------------------------------------------------------------------------------------------------------
1. 信息: >> 操作时间: 2017-11-22 17:05:19   操作人:  
2. 地址: http://localhost:17693/txlc/api/client/sweep/sweepTrace    
3. 类名: Txlc.MWS.AppClientServices.Controller.SweepController 
4. Ip  :    主机: localhost:17693   浏览器:     
5. 内容: 请求接口
-----------------------------------------------------------------------------------------------------------------------------
1. 信息: >> 操作时间: 2017-11-22 20:56:50   操作人:  
2. 地址: http://localhost:17693/txlc/api/client/message/noticeList    
3. 类名: Txlc.MWS.AppClientServices.Controller.MessageController 
4. Ip  :    主机: localhost:17693   浏览器:     
5. 内容: 请求接口
-----------------------------------------------------------------------------------------------------------------------------
1. 信息: >> 操作时间: 2017-11-22 20:58:08   操作人:  
2. 地址: http://localhost:17693/txlc/api/client/message/noticeList    
3. 类名: Txlc.MWS.AppClientServices.Controller.MessageController 
4. Ip  :    主机: localhost:17693   浏览器:     
5. 内容: 请求接口
-----------------------------------------------------------------------------------------------------------------------------
