1. 信息: >> 操作时间: 2017-11-23 15:39:25   操作人:  
2. 地址: http://localhost:17693/txlc/api/client/sweep/sweepTrace    
3. 类名: Txlc.MWS.AppClientServices.Controller.SweepController 
4. Ip  :    主机: localhost:17693   浏览器:     
5. 内容: 请求接口
-----------------------------------------------------------------------------------------------------------------------------
1. 信息: >> 操作时间: 2017-11-23 15:40:19   操作人:  
2. 地址: http://localhost:17693/txlc/api/client/sweep/sweepTrace    
3. 类名: Txlc.MWS.AppClientServices.Controller.SweepController 
4. Ip  :    主机: localhost:17693   浏览器:     
5. 内容: 请求接口
-----------------------------------------------------------------------------------------------------------------------------
1. 信息: >> 操作时间: 2017-11-23 15:41:42   操作人:  
2. 地址: http://localhost:17693/txlc/api/client/sweep/sweepTrace    
3. 类名: Txlc.MWS.AppClientServices.Controller.SweepController 
4. Ip  :    主机: localhost:17693   浏览器:     
5. 内容: 请求接口
-----------------------------------------------------------------------------------------------------------------------------
1. 信息: >> 操作时间: 2017-11-23 15:43:01   操作人:  
2. 地址: http://localhost:17693/txlc/api/client/sweep/sweepTrace    
3. 类名: Txlc.MWS.AppClientServices.Controller.SweepController 
4. Ip  :    主机: localhost:17693   浏览器:     
5. 内容: 请求接口
-----------------------------------------------------------------------------------------------------------------------------
1. 信息: >> 操作时间: 2017-11-23 15:44:29   操作人:  
2. 地址: http://localhost:17693/txlc/api/client/sweep/sweepTrace    
3. 类名: Txlc.MWS.AppClientServices.Controller.SweepController 
4. Ip  :    主机: localhost:17693   浏览器:     
5. 内容: 请求接口
-----------------------------------------------------------------------------------------------------------------------------
1. 信息: >> 操作时间: 2017-11-23 15:45:55   操作人:  
2. 地址: http://localhost:17693/txlc/api/client/message/noticeList    
3. 类名: Txlc.MWS.AppClientServices.Controller.MessageController 
4. Ip  :    主机: localhost:17693   浏览器:     
5. 内容: 请求接口
-----------------------------------------------------------------------------------------------------------------------------
1. 信息: >> 操作时间: 2017-11-23 15:47:18   操作人:  
2. 地址: http://localhost:17693/txlc/api/client/message/noticeDetail    
3. 类名: Txlc.MWS.AppClientServices.Controller.MessageController 
4. Ip  :    主机: localhost:17693   浏览器:     
5. 内容: 请求接口
-----------------------------------------------------------------------------------------------------------------------------
1. 信息: >> 操作时间: 2017-11-23 15:47:39   操作人:  
2. 地址: http://localhost:17693/txlc/api/client/message/noticeDetail    
3. 类名: Txlc.MWS.AppClientServices.Controller.MessageController 
4. Ip  :    主机: localhost:17693   浏览器:     
5. 内容: 请求接口
-----------------------------------------------------------------------------------------------------------------------------
1. 信息: >> 操作时间: 2017-11-23 15:48:24   操作人:  
2. 地址: http://localhost:17693/txlc/api/client/message/noticeDetail    
3. 类名: Txlc.MWS.AppClientServices.Controller.MessageController 
4. Ip  :    主机: localhost:17693   浏览器:     
5. 内容: 请求接口
-----------------------------------------------------------------------------------------------------------------------------
1. 信息: >> 操作时间: 2017-11-23 15:50:00   操作人:  
2. 地址: http://localhost:17693/txlc/api/client/message/noticeDetail    
3. 类名: Txlc.MWS.AppClientServices.Controller.MessageController 
4. Ip  :    主机: localhost:17693   浏览器:     
5. 内容: 请求接口
-----------------------------------------------------------------------------------------------------------------------------
1. 信息: >> 操作时间: 2017-11-23 15:50:24   操作人:  
2. 地址: http://localhost:17693/txlc/api/client/message/noticeDetail    
3. 类名: Txlc.MWS.AppClientServices.Controller.MessageController 
4. Ip  :    主机: localhost:17693   浏览器:     
5. 内容: 请求接口
-----------------------------------------------------------------------------------------------------------------------------
