1. 信息: >> 操作时间: 2017-11-30 14:34:20   操作人:  
2. 地址: http://localhost:17693/txlc/api/client/certificate/saveDistrComp    
3. 类名: Txlc.MWS.AppClientServices.Controller.CerCardController 
4. Ip  :    主机: localhost:17693   浏览器:     
5. 内容: 请求接口
-----------------------------------------------------------------------------------------------------------------------------
1. 信息: >> 操作时间: 2017-11-30 14:36:43   操作人:  
2. 地址: http://localhost:17693/txlc/api/client/certificate/saveDistrComp    
3. 类名: Txlc.MWS.AppClientServices.Controller.CerCardController 
4. Ip  :    主机: localhost:17693   浏览器:     
5. 内容: 请求接口
-----------------------------------------------------------------------------------------------------------------------------
1. 信息: >> 操作时间: 2017-11-30 14:37:01   操作人:  
2. 地址: http://localhost:17693/txlc/api/client/certificate/saveDistrComp    
3. 类名: Txlc.MWS.AppClientServices.Controller.CerCardController 
4. Ip  :    主机: localhost:17693   浏览器:     
5. 内容: 请求接口
-----------------------------------------------------------------------------------------------------------------------------
1. 信息: >> 操作时间: 2017-11-30 14:38:39   操作人:  
2. 地址: http://localhost:17693/txlc/api/client/certificate/saveDistrComp    
3. 类名: Txlc.MWS.AppClientServices.Controller.CerCardController 
4. Ip  :    主机: localhost:17693   浏览器:     
5. 内容: 请求接口
-----------------------------------------------------------------------------------------------------------------------------
1. 信息: >> 操作时间: 2017-11-30 16:23:43   操作人:  
2. 地址: http://localhost:17693/txlc/api/client/certificate/saveCer    
3. 类名: Txlc.MWS.AppClientServices.Controller.CerCardController 
4. Ip  :    主机: localhost:17693   浏览器:     
5. 内容: 请求接口
-----------------------------------------------------------------------------------------------------------------------------
1. 信息: >> 操作时间: 2017-11-30 16:29:05   操作人:  
2. 地址: http://localhost:17693/txlc/api/client/certificate/saveCer    
3. 类名: Txlc.MWS.AppClientServices.Controller.CerCardController 
4. Ip  :    主机: localhost:17693   浏览器:     
5. 内容: 请求接口
-----------------------------------------------------------------------------------------------------------------------------
1. 信息: >> 操作时间: 2017-11-30 16:46:51   操作人:  
2. 地址: http://localhost:17693/txlc/api/client/certificate/cerList    
3. 类名: Txlc.MWS.AppClientServices.Controller.CerCardController 
4. Ip  :    主机: localhost:17693   浏览器:     
5. 内容: 请求接口
-----------------------------------------------------------------------------------------------------------------------------
