1. 信息: >> 操作时间: 2017-11-28 09:59:13   操作人:  
2. 地址: http://localhost:17693/txlc/api/client/pay/payRecord    
3. 类名: Txlc.MWS.AppClientServices.Controller.PayController 
4. Ip  :    主机: localhost:17693   浏览器:     
5. 内容: 请求接口
-----------------------------------------------------------------------------------------------------------------------------
1. 信息: >> 操作时间: 2017-11-28 10:00:22   操作人:  
2. 地址: http://localhost:17693/txlc/api/client/pay/payRecord    
3. 类名: Txlc.MWS.AppClientServices.Controller.PayController 
4. Ip  :    主机: localhost:17693   浏览器:     
5. 内容: 请求接口
-----------------------------------------------------------------------------------------------------------------------------
1. 信息: >> 操作时间: 2017-11-28 10:01:49   操作人:  
2. 地址: http://localhost:17693/txlc/api/client/pay/payRecord    
3. 类名: Txlc.MWS.AppClientServices.Controller.PayController 
4. Ip  :    主机: localhost:17693   浏览器:     
5. 内容: 请求接口
-----------------------------------------------------------------------------------------------------------------------------
1. 信息: >> 操作时间: 2017-11-28 10:02:57   操作人:  
2. 地址: http://localhost:17693/txlc/api/client/pay/payRecord    
3. 类名: Txlc.MWS.AppClientServices.Controller.PayController 
4. Ip  :    主机: localhost:17693   浏览器:     
5. 内容: 请求接口
-----------------------------------------------------------------------------------------------------------------------------
1. 信息: >> 操作时间: 2017-11-28 10:03:48   操作人:  
2. 地址: http://localhost:17693/txlc/api/client/pay/payRecord    
3. 类名: Txlc.MWS.AppClientServices.Controller.PayController 
4. Ip  :    主机: localhost:17693   浏览器:     
5. 内容: 请求接口
-----------------------------------------------------------------------------------------------------------------------------
1. 信息: >> 操作时间: 2017-11-28 10:06:53   操作人:  
2. 地址: http://localhost:17693/txlc/api/client/pay/payRecord    
3. 类名: Txlc.MWS.AppClientServices.Controller.PayController 
4. Ip  :    主机: localhost:17693   浏览器:     
5. 内容: 请求接口
-----------------------------------------------------------------------------------------------------------------------------
1. 信息: >> 操作时间: 2017-11-28 10:09:47   操作人:  
2. 地址: http://localhost:17693/txlc/api/client/pay/payRecord    
3. 类名: Txlc.MWS.AppClientServices.Controller.PayController 
4. Ip  :    主机: localhost:17693   浏览器:     
5. 内容: 请求接口
-----------------------------------------------------------------------------------------------------------------------------
1. 信息: >> 操作时间: 2017-11-28 10:12:00   操作人:  
2. 地址: http://localhost:17693/txlc/api/client/pay/payRecord    
3. 类名: Txlc.MWS.AppClientServices.Controller.PayController 
4. Ip  :    主机: localhost:17693   浏览器:     
5. 内容: 请求接口
-----------------------------------------------------------------------------------------------------------------------------
1. 信息: >> 操作时间: 2017-11-28 10:12:36   操作人:  
2. 地址: http://localhost:17693/txlc/api/client/pay/payRecord    
3. 类名: Txlc.MWS.AppClientServices.Controller.PayController 
4. Ip  :    主机: localhost:17693   浏览器:     
5. 内容: 请求接口
-----------------------------------------------------------------------------------------------------------------------------
1. 信息: >> 操作时间: 2017-11-28 10:14:54   操作人:  
2. 地址: http://localhost:17693/txlc/api/client/pay/payRecord    
3. 类名: Txlc.MWS.AppClientServices.Controller.PayController 
4. Ip  :    主机: localhost:17693   浏览器:     
5. 内容: 请求接口
-----------------------------------------------------------------------------------------------------------------------------
1. 信息: >> 操作时间: 2017-11-28 10:44:46   操作人:  
2. 地址: http://localhost:17693/txlc/api/client/pay/payRecord    
3. 类名: Txlc.MWS.AppClientServices.Controller.PayController 
4. Ip  :    主机: localhost:17693   浏览器:     
5. 内容: 请求接口
-----------------------------------------------------------------------------------------------------------------------------
1. 信息: >> 操作时间: 2017-11-28 10:46:17   操作人:  
2. 地址: http://localhost:17693/txlc/api/client/pay/payRecord    
3. 类名: Txlc.MWS.AppClientServices.Controller.PayController 
4. Ip  :    主机: localhost:17693   浏览器:     
5. 内容: 请求接口
-----------------------------------------------------------------------------------------------------------------------------
1. 信息: >> 操作时间: 2017-11-28 10:46:52   操作人:  
2. 地址: http://localhost:17693/txlc/api/client/pay/payRecord    
3. 类名: Txlc.MWS.AppClientServices.Controller.PayController 
4. Ip  :    主机: localhost:17693   浏览器:     
5. 内容: 请求接口
-----------------------------------------------------------------------------------------------------------------------------
1. 信息: >> 操作时间: 2017-11-28 10:48:00   操作人:  
2. 地址: http://localhost:17693/txlc/api/client/pay/payRecord    
3. 类名: Txlc.MWS.AppClientServices.Controller.PayController 
4. Ip  :    主机: localhost:17693   浏览器:     
5. 内容: 请求接口
-----------------------------------------------------------------------------------------------------------------------------
1. 信息: >> 操作时间: 2017-11-28 10:48:49   操作人:  
2. 地址: http://localhost:17693/txlc/api/client/pay/payRecord    
3. 类名: Txlc.MWS.AppClientServices.Controller.PayController 
4. Ip  :    主机: localhost:17693   浏览器:     
5. 内容: 请求接口
-----------------------------------------------------------------------------------------------------------------------------
1. 信息: >> 操作时间: 2017-11-28 10:50:52   操作人:  
2. 地址: http://localhost:17693/txlc/api/client/pay/payRecord    
3. 类名: Txlc.MWS.AppClientServices.Controller.PayController 
4. Ip  :    主机: localhost:17693   浏览器:     
5. 内容: 请求接口
-----------------------------------------------------------------------------------------------------------------------------
1. 信息: >> 操作时间: 2017-11-28 10:53:50   操作人:  
2. 地址: http://localhost:17693/txlc/api/client/pay/payRecord    
3. 类名: Txlc.MWS.AppClientServices.Controller.PayController 
4. Ip  :    主机: localhost:17693   浏览器:     
5. 内容: 请求接口
-----------------------------------------------------------------------------------------------------------------------------
1. 信息: >> 操作时间: 2017-11-28 11:02:28   操作人:  
2. 地址: http://localhost:17693/txlc/api/client/pay/payRecord    
3. 类名: Txlc.MWS.AppClientServices.Controller.PayController 
4. Ip  :    主机: localhost:17693   浏览器:     
5. 内容: 请求接口
-----------------------------------------------------------------------------------------------------------------------------
1. 信息: >> 操作时间: 2017-11-28 11:03:49   操作人:  
2. 地址: http://localhost:17693/txlc/api/client/pay/payRecord    
3. 类名: Txlc.MWS.AppClientServices.Controller.PayController 
4. Ip  :    主机: localhost:17693   浏览器:     
5. 内容: 请求接口
-----------------------------------------------------------------------------------------------------------------------------
1. 信息: >> 操作时间: 2017-11-28 11:11:09   操作人:  
2. 地址: http://localhost:17693/txlc/api/client/pay/payRecord    
3. 类名: Txlc.MWS.AppClientServices.Controller.PayController 
4. Ip  :    主机: localhost:17693   浏览器:     
5. 内容: 请求接口
-----------------------------------------------------------------------------------------------------------------------------
1. 信息: >> 操作时间: 2017-11-28 11:11:59   操作人:  
2. 地址: http://localhost:17693/txlc/api/client/pay/payRecord    
3. 类名: Txlc.MWS.AppClientServices.Controller.PayController 
4. Ip  :    主机: localhost:17693   浏览器:     
5. 内容: 请求接口
-----------------------------------------------------------------------------------------------------------------------------
1. 信息: >> 操作时间: 2017-11-28 11:12:37   操作人:  
2. 地址: http://localhost:17693/txlc/api/client/pay/payRecord    
3. 类名: Txlc.MWS.AppClientServices.Controller.PayController 
4. Ip  :    主机: localhost:17693   浏览器:     
5. 内容: 请求接口
-----------------------------------------------------------------------------------------------------------------------------
1. 信息: >> 操作时间: 2017-11-28 11:15:21   操作人:  
2. 地址: http://localhost:17693/txlc/api/client/pay/payRecord    
3. 类名: Txlc.MWS.AppClientServices.Controller.PayController 
4. Ip  :    主机: localhost:17693   浏览器:     
5. 内容: 请求接口
-----------------------------------------------------------------------------------------------------------------------------
1. 信息: >> 操作时间: 2017-11-28 11:15:50   操作人:  
2. 地址: http://localhost:17693/txlc/api/client/pay/payRecord    
3. 类名: Txlc.MWS.AppClientServices.Controller.PayController 
4. Ip  :    主机: localhost:17693   浏览器:     
5. 内容: 请求接口
-----------------------------------------------------------------------------------------------------------------------------
1. 信息: >> 操作时间: 2017-11-28 11:16:15   操作人:  
2. 地址: http://localhost:17693/txlc/api/client/pay/payRecord    
3. 类名: Txlc.MWS.AppClientServices.Controller.PayController 
4. Ip  :    主机: localhost:17693   浏览器:     
5. 内容: 请求接口
-----------------------------------------------------------------------------------------------------------------------------
1. 信息: >> 操作时间: 2017-11-28 11:18:29   操作人:  
2. 地址: http://localhost:17693/txlc/api/client/pay/boothList    
3. 类名: Txlc.MWS.AppClientServices.Controller.PayController 
4. Ip  :    主机: localhost:17693   浏览器:     
5. 内容: 请求接口
-----------------------------------------------------------------------------------------------------------------------------
1. 信息: >> 操作时间: 2017-11-28 11:18:44   操作人:  
2. 地址: http://localhost:17693/txlc/api/client/pay/boothList    
3. 类名: Txlc.MWS.AppClientServices.Controller.PayController 
4. Ip  :    主机: localhost:17693   浏览器:     
5. 内容: 请求接口
-----------------------------------------------------------------------------------------------------------------------------
1. 信息: >> 操作时间: 2017-11-28 11:19:16   操作人:  
2. 地址: http://localhost:17693/txlc/api/client/pay/boothList    
3. 类名: Txlc.MWS.AppClientServices.Controller.PayController 
4. Ip  :    主机: localhost:17693   浏览器:     
5. 内容: 请求接口
-----------------------------------------------------------------------------------------------------------------------------
1. 信息: >> 操作时间: 2017-11-28 11:21:51   操作人:  
2. 地址: http://localhost:17693/txlc/api/client/pay/boothList    
3. 类名: Txlc.MWS.AppClientServices.Controller.PayController 
4. Ip  :    主机: localhost:17693   浏览器:     
5. 内容: 请求接口
-----------------------------------------------------------------------------------------------------------------------------
1. 信息: >> 操作时间: 2017-11-28 11:25:04   操作人:  
2. 地址: http://localhost:17693/txlc/api/client/pay/PayRecord    
3. 类名: Txlc.MWS.AppClientServices.Controller.PayController 
4. Ip  :    主机: localhost:17693   浏览器:     
5. 内容: 请求接口
-----------------------------------------------------------------------------------------------------------------------------
1. 信息: >> 操作时间: 2017-11-28 11:26:02   操作人:  
2. 地址: http://localhost:17693/txlc/api/client/pay/PayRecord    
3. 类名: Txlc.MWS.AppClientServices.Controller.PayController 
4. Ip  :    主机: localhost:17693   浏览器:     
5. 内容: 请求接口
-----------------------------------------------------------------------------------------------------------------------------
1. 信息: >> 操作时间: 2017-11-28 11:58:23   操作人:  
2. 地址: http://localhost:17693/txlc/api/client/pay/tradeFeeList    
3. 类名: Txlc.MWS.AppClientServices.Controller.PayController 
4. Ip  :    主机: localhost:17693   浏览器:     
5. 内容: 请求接口
-----------------------------------------------------------------------------------------------------------------------------
1. 信息: >> 操作时间: 2017-11-28 11:58:42   操作人:  
2. 地址: http://localhost:17693/txlc/api/client/pay/tradeFeeList    
3. 类名: Txlc.MWS.AppClientServices.Controller.PayController 
4. Ip  :    主机: localhost:17693   浏览器:     
5. 内容: 请求接口
-----------------------------------------------------------------------------------------------------------------------------
1. 信息: >> 操作时间: 2017-11-28 11:59:21   操作人:  
2. 地址: http://localhost:17693/txlc/api/client/pay/tradeFeeList    
3. 类名: Txlc.MWS.AppClientServices.Controller.PayController 
4. Ip  :    主机: localhost:17693   浏览器:     
5. 内容: 请求接口
-----------------------------------------------------------------------------------------------------------------------------
1. 信息: >> 操作时间: 2017-11-28 12:00:49   操作人:  
2. 地址: http://localhost:17693/txlc/api/client/pay/depositList    
3. 类名: Txlc.MWS.AppClientServices.Controller.PayController 
4. Ip  :    主机: localhost:17693   浏览器:     
5. 内容: 请求接口
-----------------------------------------------------------------------------------------------------------------------------
1. 信息: >> 操作时间: 2017-11-28 12:01:51   操作人:  
2. 地址: http://localhost:17693/txlc/api/client/pay/tradeFeeList    
3. 类名: Txlc.MWS.AppClientServices.Controller.PayController 
4. Ip  :    主机: localhost:17693   浏览器:     
5. 内容: 请求接口
-----------------------------------------------------------------------------------------------------------------------------
1. 信息: >> 操作时间: 2017-11-28 12:02:05   操作人:  
2. 地址: http://localhost:17693/txlc/api/client/pay/tradeFeeList    
3. 类名: Txlc.MWS.AppClientServices.Controller.PayController 
4. Ip  :    主机: localhost:17693   浏览器:     
5. 内容: 请求接口
-----------------------------------------------------------------------------------------------------------------------------
1. 信息: >> 操作时间: 2017-11-28 14:27:05   操作人:  
2. 地址: http://localhost:17693/txlc/api/client/pay/otherFeeList    
3. 类名: Txlc.MWS.AppClientServices.Controller.PayController 
4. Ip  :    主机: localhost:17693   浏览器:     
5. 内容: 请求接口
-----------------------------------------------------------------------------------------------------------------------------
1. 信息: >> 操作时间: 2017-11-28 14:27:19   操作人:  
2. 地址: http://localhost:17693/txlc/api/client/pay/otherFeeList    
3. 类名: Txlc.MWS.AppClientServices.Controller.PayController 
4. Ip  :    主机: localhost:17693   浏览器:     
5. 内容: 请求接口
-----------------------------------------------------------------------------------------------------------------------------
1. 信息: >> 操作时间: 2017-11-28 17:08:38   操作人:  
2. 地址: http://localhost:17693/txlc/api/client/certificate/cerList    
3. 类名: Txlc.MWS.AppClientServices.Controller.CerCardController 
4. Ip  :    主机: localhost:17693   浏览器:     
5. 内容: 请求接口
-----------------------------------------------------------------------------------------------------------------------------
1. 信息: >> 操作时间: 2017-11-28 17:09:24   操作人:  
2. 地址: http://localhost:17693/txlc/api/client/certificate/cerList    
3. 类名: Txlc.MWS.AppClientServices.Controller.CerCardController 
4. Ip  :    主机: localhost:17693   浏览器:     
5. 内容: 请求接口
-----------------------------------------------------------------------------------------------------------------------------
1. 信息: >> 操作时间: 2017-11-28 17:10:19   操作人:  
2. 地址: http://localhost:17693/txlc/api/client/certificate/cerList    
3. 类名: Txlc.MWS.AppClientServices.Controller.CerCardController 
4. Ip  :    主机: localhost:17693   浏览器:     
5. 内容: 请求接口
-----------------------------------------------------------------------------------------------------------------------------
